<?xml version="1.0" encoding="UTF-8"?>
<!-- Generated by org.testng.reporters.JUnitReportReporter -->
<testsuite hostname="Admin" failures="0" tests="3" name="automation.testsuite.Sanpham_Thietbinhabep" time="132.072" errors="0" timestamp="2024-09-23T23:48:00 ICT" skipped="0">
  <testcase classname="automation.testsuite.Sanpham_Thietbinhabep" name="CheckBtnMuaNgay" time="42.841"/>
  <system-out/>
  <testcase classname="automation.testsuite.Sanpham_Thietbinhabep" name="CheckBtnMuatragop" time="39.094"/>
  <system-out/>
  <testcase classname="automation.testsuite.Sanpham_Thietbinhabep" name="CheckBtnKhaosat" time="50.137"/>
  <system-out/>
</testsuite> <!-- automation.testsuite.Sanpham_Thietbinhabep -->
