<?xml version="1.0" encoding="UTF-8"?>
<!-- Generated by org.testng.reporters.JUnitReportReporter -->
<testsuite hostname="DESKTOP-1BAS52A" failures="0" tests="1" name="automation.testsuite.ThietBiNhaBep" time="23.597" errors="0" timestamp="2024-09-24T23:34:48 ICT" skipped="0">
  <testcase classname="automation.testsuite.ThietBiNhaBep" name="LoctheoDanhmuc" time="23.597"/>
  <system-out/>
</testsuite> <!-- automation.testsuite.ThietBiNhaBep -->
